<?xml version="1.0" encoding="UTF-8"?>
<testng-results ignored="7" total="14" passed="7" failed="0" skipped="0">
  <reporter-output>
  </reporter-output>
  <suite started-at="2022-08-25T12:29:18 IST" name="Default suite" finished-at="2022-08-25T12:49:06 IST" duration-ms="1187949">
    <groups>
    </groups>
    <test started-at="2022-08-25T12:29:18 IST" name="Default test" finished-at="2022-08-25T12:49:06 IST" duration-ms="1187949">
      <class name="ALCore.CaseCreation">
        <test-method is-config="true" signature="loginSetup()[pri:0, instance:ALCore.CaseCreation@36916eb0]" started-at="2022-08-25T12:29:18 IST" name="loginSetup" finished-at="2022-08-25T12:29:53 IST" duration-ms="34654" status="PASS">
          <reporter-output>
          </reporter-output>
        </test-method> <!-- loginSetup -->
        <test-method signature="NewCaseCreationAndCaseInitiation()[pri:0, instance:ALCore.CaseCreation@36916eb0]" started-at="2022-08-25T12:29:53 IST" name="NewCaseCreationAndCaseInitiation" description="NewCaseCreationAndCaseInitiation" finished-at="2022-08-25T12:34:08 IST" duration-ms="255049" status="PASS">
          <reporter-output>
          </reporter-output>
        </test-method> <!-- NewCaseCreationAndCaseInitiation -->
        <test-method signature="IDVTaskCreationAndEscalationTaskTrigger()[pri:1, instance:ALCore.CaseCreation@36916eb0]" started-at="2022-08-25T12:34:08 IST" name="IDVTaskCreationAndEscalationTaskTrigger" description="IDVTaskCreationAndEscalationTaskTrigger" finished-at="2022-08-25T12:36:59 IST" duration-ms="170818" status="PASS">
          <reporter-output>
          </reporter-output>
        </test-method> <!-- IDVTaskCreationAndEscalationTaskTrigger -->
        <test-method signature="IDVEscalationReEscalateAndAccept()[pri:2, instance:ALCore.CaseCreation@36916eb0]" started-at="2022-08-25T12:36:59 IST" name="IDVEscalationReEscalateAndAccept" description="IDVEscalationReEscalateAndAccept" finished-at="2022-08-25T12:39:41 IST" duration-ms="162448" status="PASS">
          <reporter-output>
          </reporter-output>
        </test-method> <!-- IDVEscalationReEscalateAndAccept -->
        <test-method signature="screeningTaskTiggerAndTpaRequestViaPortal()[pri:3, instance:ALCore.CaseCreation@36916eb0]" started-at="2022-08-25T12:39:41 IST" name="screeningTaskTiggerAndTpaRequestViaPortal" description="screeningTaskTiggerAndTpaRequestViaPortal" finished-at="2022-08-25T12:40:04 IST" duration-ms="23169" status="PASS">
          <reporter-output>
          </reporter-output>
        </test-method> <!-- screeningTaskTiggerAndTpaRequestViaPortal -->
        <test-method signature="ScreeningTaskAndSanctionEscalations()[pri:4, instance:ALCore.CaseCreation@36916eb0]" started-at="2022-08-25T12:40:04 IST" name="ScreeningTaskAndSanctionEscalations" description="ScreeningTaskAndSanctionEscalations" finished-at="2022-08-25T12:44:50 IST" duration-ms="285546" status="PASS">
          <reporter-output>
          </reporter-output>
        </test-method> <!-- ScreeningTaskAndSanctionEscalations -->
        <test-method signature="SummaryTaskAndReviewsSelect()[pri:5, instance:ALCore.CaseCreation@36916eb0]" started-at="2022-08-25T12:44:50 IST" name="SummaryTaskAndReviewsSelect" description="SummaryTaskAndReviewsSelect" finished-at="2022-08-25T12:45:24 IST" duration-ms="33730" status="PASS">
          <reporter-output>
          </reporter-output>
        </test-method> <!-- SummaryTaskAndReviewsSelect -->
        <test-method signature="IDVAndScreeningAndSummaryQCRejectPhaseAndApproveQCTask()[pri:6, instance:ALCore.CaseCreation@36916eb0]" started-at="2022-08-25T12:45:24 IST" name="IDVAndScreeningAndSummaryQCRejectPhaseAndApproveQCTask" description="IDVAndScreeningAndSummaryQCRejectPhaseAndApproveQCTask" finished-at="2022-08-25T12:49:06 IST" duration-ms="222480" status="PASS">
          <reporter-output>
          </reporter-output>
        </test-method> <!-- IDVAndScreeningAndSummaryQCRejectPhaseAndApproveQCTask -->
      </class> <!-- ALCore.CaseCreation -->
    </test> <!-- Default test -->
  </suite> <!-- Default suite -->
</testng-results>
