<?xml version="1.0" encoding="UTF-8"?>
<!-- Generated by org.testng.reporters.JUnitXMLReporter -->
<testsuite ignored="7" hostname="CDC2-L-3N7PHG3" failures="0" tests="7" name="Default test" time="1187.949" errors="0" timestamp="2022-08-25T12:49:06 IST">
  <testcase classname="ALCore.CaseCreation" name="NewCaseCreationAndCaseInitiation" time="255.049"/>
  <testcase classname="ALCore.CaseCreation" name="IDVTaskCreationAndEscalationTaskTrigger" time="170.818"/>
  <testcase classname="ALCore.CaseCreation" name="IDVEscalationReEscalateAndAccept" time="162.448"/>
  <testcase classname="ALCore.CaseCreation" name="screeningTaskTiggerAndTpaRequestViaPortal" time="23.169"/>
  <testcase classname="ALCore.CaseCreation" name="ScreeningTaskAndSanctionEscalations" time="285.546"/>
  <testcase classname="ALCore.CaseCreation" name="SummaryTaskAndReviewsSelect" time="33.73"/>
  <testcase classname="ALCore.CaseCreation" name="IDVAndScreeningAndSummaryQCRejectPhaseAndApproveQCTask" time="222.48"/>
  <testcase classname="ALCore.CaseCreation" name="UpdateRiskRating" time="0.0">
    <ignored/>
  </testcase> <!-- UpdateRiskRating -->
  <testcase classname="ALCore.CaseCreation" name="QCScreeningAndFRARejectAndApprovePhase" time="0.0">
    <ignored/>
  </testcase> <!-- QCScreeningAndFRARejectAndApprovePhase -->
  <testcase classname="ALCore.CaseCreation" name="DocumentRepository" time="0.0">
    <ignored/>
  </testcase> <!-- DocumentRepository -->
  <testcase classname="ALCore.CaseCreation" name="SMEReview" time="0.0">
    <ignored/>
  </testcase> <!-- SMEReview -->
  <testcase classname="ALCore.CaseCreation" name="SanctionEscalations" time="0.0">
    <ignored/>
  </testcase> <!-- SanctionEscalations -->
  <testcase classname="ALCore.CaseCreation" name="TeamLeadUpdate" time="0.0">
    <ignored/>
  </testcase> <!-- TeamLeadUpdate -->
  <testcase classname="ALCore.CaseCreation" name="ClientSponsorReviewAndCompleteReopenedSummaryAndQCTask" time="0.0">
    <ignored/>
  </testcase> <!-- ClientSponsorReviewAndCompleteReopenedSummaryAndQCTask -->
</testsuite> <!-- Default test -->
