<?xml version="1.0" encoding="UTF-8"?>
<!-- Generated by org.testng.reporters.JUnitXMLReporter -->
<testsuite ignored="5" hostname="CDC2-L-3N7PHG3" failures="0" tests="8" name="Default test" time="1223.5" errors="0" timestamp="2022-09-05T14:08:31 IST">
  <testcase classname="ALCore.CaseCreation" name="NewCaseCreationAndCaseInitiation" time="211.781"/>
  <testcase classname="ALCore.CaseCreation" name="IDVTaskCreationAndEscalationTaskTrigger" time="196.629"/>
  <testcase classname="ALCore.CaseCreation" name="IDVEscalationReEscalateAndAccept" time="169.431"/>
  <testcase classname="ALCore.CaseCreation" name="screeningTaskTiggerAndTpaRequestViaPortal" time="33.151"/>
  <testcase classname="ALCore.CaseCreation" name="ScreeningTaskAndSanctionEscalations" time="261.44"/>
  <testcase classname="ALCore.CaseCreation" name="SummaryTaskAndReviewsSelect" time="35.058"/>
  <testcase classname="ALCore.CaseCreation" name="IDVAndScreeningAndSummaryQCRejectPhaseAndApproveQCTask" time="247.501"/>
  <testcase classname="ALCore.CaseCreation" name="SMEAndClientSponsorReview" time="44.093"/>
  <testcase classname="ALCore.CaseCreation" name="UpdateRiskRating" time="0.0">
    <ignored/>
  </testcase> <!-- UpdateRiskRating -->
  <testcase classname="ALCore.CaseCreation" name="DocumentRepository" time="0.0">
    <ignored/>
  </testcase> <!-- DocumentRepository -->
  <testcase classname="ALCore.CaseCreation" name="SanctionEscalations" time="0.0">
    <ignored/>
  </testcase> <!-- SanctionEscalations -->
  <testcase classname="ALCore.CaseCreation" name="TeamLeadUpdate" time="0.0">
    <ignored/>
  </testcase> <!-- TeamLeadUpdate -->
  <testcase classname="ALCore.CaseCreation" name="ClientSponsorReviewAndCompleteReopenedSummaryAndQCTask" time="0.0">
    <ignored/>
  </testcase> <!-- ClientSponsorReviewAndCompleteReopenedSummaryAndQCTask -->
</testsuite> <!-- Default test -->
